<?xml version="1.0" encoding="UTF-8"?>
<testng-results ignored="0" total="2" passed="2" failed="0" skipped="0">
  <reporter-output>
  </reporter-output>
  <suite started-at="2025-08-23T11:26:21 IST" name="Suite" finished-at="2025-08-23T11:26:39 IST" duration-ms="18049">
    <groups>
      <group name="regression">
        <method signature="TC001_RegisterAccountTest.RegisterAccountValidation()[pri:0, instance:testcases.TC001_RegisterAccountTest@5c45d770]" name="RegisterAccountValidation" class="testcases.TC001_RegisterAccountTest"/>
      </group> <!-- regression -->
      <group name="sanity">
        <method signature="TC002_LoginTest.validatinglogin()[pri:0, instance:testcases.TC002_LoginTest@7cbd9d24]" name="validatinglogin" class="testcases.TC002_LoginTest"/>
      </group> <!-- sanity -->
      <group name="master">
        <method signature="TC001_RegisterAccountTest.RegisterAccountValidation()[pri:0, instance:testcases.TC001_RegisterAccountTest@5c45d770]" name="RegisterAccountValidation" class="testcases.TC001_RegisterAccountTest"/>
        <method signature="TC002_LoginTest.validatinglogin()[pri:0, instance:testcases.TC002_LoginTest@7cbd9d24]" name="validatinglogin" class="testcases.TC002_LoginTest"/>
      </group> <!-- master -->
    </groups>
    <test started-at="2025-08-23T11:26:21 IST" name="Test" finished-at="2025-08-23T11:26:39 IST" duration-ms="18049">
      <class name="testcases.TC001_RegisterAccountTest">
        <test-method is-config="true" signature="setup(java.lang.String,java.lang.String)[pri:0, instance:testcases.TC001_RegisterAccountTest@5c45d770]" started-at="2025-08-23T11:26:21 IST" name="setup" finished-at="2025-08-23T11:26:27 IST" duration-ms="5480" status="PASS">
          <params>
            <param index="0">
              <value>
                <![CDATA[Windows]]>
              </value>
            </param>
            <param index="1">
              <value>
                <![CDATA[chrome]]>
              </value>
            </param>
          </params>
          <reporter-output>
          </reporter-output>
        </test-method> <!-- setup -->
        <test-method signature="RegisterAccountValidation()[pri:0, instance:testcases.TC001_RegisterAccountTest@5c45d770]" started-at="2025-08-23T11:26:27 IST" name="RegisterAccountValidation" finished-at="2025-08-23T11:26:31 IST" duration-ms="3762" status="PASS">
          <reporter-output>
          </reporter-output>
        </test-method> <!-- RegisterAccountValidation -->
        <test-method is-config="true" signature="teardown()[pri:0, instance:testcases.TC001_RegisterAccountTest@5c45d770]" started-at="2025-08-23T11:26:31 IST" name="teardown" finished-at="2025-08-23T11:26:31 IST" duration-ms="631" status="PASS">
          <reporter-output>
          </reporter-output>
        </test-method> <!-- teardown -->
      </class> <!-- testcases.TC001_RegisterAccountTest -->
      <class name="testcases.TC002_LoginTest">
        <test-method is-config="true" signature="setup(java.lang.String,java.lang.String)[pri:0, instance:testcases.TC002_LoginTest@7cbd9d24]" started-at="2025-08-23T11:26:31 IST" name="setup" finished-at="2025-08-23T11:26:36 IST" duration-ms="4270" status="PASS">
          <params>
            <param index="0">
              <value>
                <![CDATA[Windows]]>
              </value>
            </param>
            <param index="1">
              <value>
                <![CDATA[chrome]]>
              </value>
            </param>
          </params>
          <reporter-output>
          </reporter-output>
        </test-method> <!-- setup -->
        <test-method signature="validatinglogin()[pri:0, instance:testcases.TC002_LoginTest@7cbd9d24]" started-at="2025-08-23T11:26:36 IST" name="validatinglogin" finished-at="2025-08-23T11:26:38 IST" duration-ms="2877" status="PASS">
          <reporter-output>
          </reporter-output>
        </test-method> <!-- validatinglogin -->
        <test-method is-config="true" signature="teardown()[pri:0, instance:testcases.TC002_LoginTest@7cbd9d24]" started-at="2025-08-23T11:26:38 IST" name="teardown" finished-at="2025-08-23T11:26:39 IST" duration-ms="393" status="PASS">
          <reporter-output>
          </reporter-output>
        </test-method> <!-- teardown -->
      </class> <!-- testcases.TC002_LoginTest -->
    </test> <!-- Test -->
  </suite> <!-- Suite -->
</testng-results>
