<?xml version="1.0" encoding="UTF-8"?>
<testng-results ignored="0" total="1" passed="1" failed="0" skipped="0">
  <reporter-output>
  </reporter-output>
  <suite started-at="2025-08-28T21:47:59 IST" name="Suite" finished-at="2025-08-28T21:48:17 IST" duration-ms="18288">
    <groups>
    </groups>
    <test started-at="2025-08-28T21:47:59 IST" name="Test" finished-at="2025-08-28T21:48:17 IST" duration-ms="18288">
      <class name="testcases.TC015_ProductComparisonAddingTest">
        <test-method is-config="true" signature="setup(java.lang.String,java.lang.String)[pri:0, instance:testcases.TC015_ProductComparisonAddingTest@1f3f02ee]" started-at="2025-08-28T21:47:59 IST" name="setup" finished-at="2025-08-28T21:48:03 IST" duration-ms="4152" status="PASS">
          <params>
            <param index="0">
              <value>
                <![CDATA[Windows]]>
              </value>
            </param>
            <param index="1">
              <value>
                <![CDATA[chrome]]>
              </value>
            </param>
          </params>
          <reporter-output>
          </reporter-output>
        </test-method> <!-- setup -->
        <test-method signature="validateproductcompareaddition()[pri:0, instance:testcases.TC015_ProductComparisonAddingTest@1f3f02ee]" started-at="2025-08-28T21:48:03 IST" name="validateproductcompareaddition" finished-at="2025-08-28T21:48:17 IST" duration-ms="13362" status="PASS">
          <reporter-output>
          </reporter-output>
        </test-method> <!-- validateproductcompareaddition -->
        <test-method is-config="true" signature="teardown()[pri:0, instance:testcases.TC015_ProductComparisonAddingTest@1f3f02ee]" started-at="2025-08-28T21:48:17 IST" name="teardown" finished-at="2025-08-28T21:48:17 IST" duration-ms="321" status="PASS">
          <reporter-output>
          </reporter-output>
        </test-method> <!-- teardown -->
      </class> <!-- testcases.TC015_ProductComparisonAddingTest -->
    </test> <!-- Test -->
  </suite> <!-- Suite -->
</testng-results>
