<?xml version="1.0" encoding="UTF-8"?>
<testng-results ignored="0" total="1" passed="1" failed="0" skipped="0">
  <reporter-output>
  </reporter-output>
  <suite started-at="2025-08-26T21:12:08 IST" name="Suite" finished-at="2025-08-26T21:12:17 IST" duration-ms="8933">
    <groups>
    </groups>
    <test started-at="2025-08-26T21:12:08 IST" name="Test" finished-at="2025-08-26T21:12:17 IST" duration-ms="8933">
      <class name="testcases.TC008_SearchSubCategory">
        <test-method is-config="true" signature="setup(java.lang.String,java.lang.String)[pri:0, instance:testcases.TC008_SearchSubCategory@5dcb4f5f]" started-at="2025-08-26T21:12:08 IST" name="setup" finished-at="2025-08-26T21:12:12 IST" duration-ms="4316" status="PASS">
          <params>
            <param index="0">
              <value>
                <![CDATA[Windows]]>
              </value>
            </param>
            <param index="1">
              <value>
                <![CDATA[chrome]]>
              </value>
            </param>
          </params>
          <reporter-output>
          </reporter-output>
        </test-method> <!-- setup -->
        <test-method signature="categorysearch()[pri:0, instance:testcases.TC008_SearchSubCategory@5dcb4f5f]" started-at="2025-08-26T21:12:12 IST" name="categorysearch" finished-at="2025-08-26T21:12:16 IST" duration-ms="3863" status="PASS">
          <reporter-output>
          </reporter-output>
        </test-method> <!-- categorysearch -->
        <test-method is-config="true" signature="teardown()[pri:0, instance:testcases.TC008_SearchSubCategory@5dcb4f5f]" started-at="2025-08-26T21:12:16 IST" name="teardown" finished-at="2025-08-26T21:12:17 IST" duration-ms="348" status="PASS">
          <reporter-output>
          </reporter-output>
        </test-method> <!-- teardown -->
      </class> <!-- testcases.TC008_SearchSubCategory -->
    </test> <!-- Test -->
  </suite> <!-- Suite -->
</testng-results>
